Build started 19/03/2015 14:41:07.
     1>Project "C:\Users\-Majed\Documents\Visual Studio 2013\Projects\Enigma\Enigma\Enigma.vcxproj" on node 2 (Build target(s)).
     1>ClCompile:
         C:\Program Files (x86)\Microsoft Visual Studio 12.0\VC\bin\CL.exe /c /I"C:\Users\-Majed\Documents\Visual Studio 2013\Projects\Enigma\Enigma\..\include\glfw" /I"C:\Users\-Majed\Documents\Visual Studio 2013\Projects\Enigma\Enigma\..\include\glew" /Zi /nologo /W3 /WX- /sdl /O2 /Oi /Oy- /GL /D _MBCS /Gm- /EHsc /MD /GS /Gy /fp:precise /Zc:wchar_t /Zc:forScope /Fo"Release\\" /Fd"Release\vc120.pdb" /Gd /TP /analyze- /errorReport:prompt wrapper_glfw.cpp
         wrapper_glfw.cpp
     1>wrapper_glfw.cpp(187): warning C4244: 'argument' : conversion from 'int' to 'float', possible loss of data
     1>wrapper_glfw.cpp(224): warning C4244: 'argument' : conversion from 'int' to 'float', possible loss of data
     1>wrapper_glfw.cpp(293): warning C4244: 'argument' : conversion from 'int' to 'float', possible loss of data
     1>wrapper_glfw.cpp(378): warning C4244: 'argument' : conversion from 'int' to 'float', possible loss of data
     1>wrapper_glfw.cpp(423): warning C4244: 'argument' : conversion from 'int' to 'float', possible loss of data
     1>wrapper_glfw.cpp(726): warning C4101: 'e' : unreferenced local variable
       Link:
         C:\Program Files (x86)\Microsoft Visual Studio 12.0\VC\bin\link.exe /ERRORREPORT:PROMPT /OUT:"C:\Users\-Majed\Documents\Visual Studio 2013\Projects\Enigma\Release\Enigma.exe" /NOLOGO /LIBPATH:"C:\Users\-Majed\Documents\Visual Studio 2013\Projects\Enigma\Enigma\..\lib\glfw" /LIBPATH:"C:\Users\-Majed\Documents\Visual Studio 2013\Projects\Enigma\Enigma\..\lib\glew" opengl32.lib imm32.lib glfw3.lib glew32s.lib kernel32.lib user32.lib gdi32.lib winspool.lib comdlg32.lib advapi32.lib shell32.lib ole32.lib oleaut32.lib uuid.lib odbc32.lib odbccp32.lib kernel32.lib user32.lib gdi32.lib winspool.lib comdlg32.lib advapi32.lib shell32.lib ole32.lib oleaut32.lib uuid.lib odbc32.lib odbccp32.lib /MANIFEST /MANIFESTUAC:"level='asInvoker' uiAccess='false'" /manifest:embed /DEBUG /PDB:"C:\Users\-Majed\Documents\Visual Studio 2013\Projects\Enigma\Release\Enigma.pdb" /OPT:REF /OPT:ICF /LTCG /TLBID:1 /DYNAMICBASE /NXCOMPAT /IMPLIB:"C:\Users\-Majed\Documents\Visual Studio 2013\Projects\Enigma\Release\Enigma.lib" /MACHINE:X86 /SAFESEH Release\Enigma.res
         Release\enigma.obj
         Release\imgui.obj
         Release\main.obj
         Release\object_ldr.obj
         Release\wrapper_glfw.obj
     1>LINK : warning LNK4098: defaultlib 'MSVCRTD' conflicts with use of other libs; use /NODEFAULTLIB:library
     1>LINK : warning LNK4098: defaultlib 'LIBCMT' conflicts with use of other libs; use /NODEFAULTLIB:library
         Generating code
         Finished generating code
     1>glfw3.lib(context.obj) : warning LNK4099: PDB 'vc120.pdb' was not found with 'glfw3.lib(context.obj)' or at 'C:\Users\-Majed\Documents\Visual Studio 2013\Projects\Enigma\Release\vc120.pdb'; linking object as if no debug info
     1>glfw3.lib(gamma.obj) : warning LNK4099: PDB 'vc120.pdb' was not found with 'glfw3.lib(gamma.obj)' or at 'C:\Users\-Majed\Documents\Visual Studio 2013\Projects\Enigma\Release\vc120.pdb'; linking object as if no debug info
     1>glfw3.lib(init.obj) : warning LNK4099: PDB 'vc120.pdb' was not found with 'glfw3.lib(init.obj)' or at 'C:\Users\-Majed\Documents\Visual Studio 2013\Projects\Enigma\Release\vc120.pdb'; linking object as if no debug info
     1>glfw3.lib(input.obj) : warning LNK4099: PDB 'vc120.pdb' was not found with 'glfw3.lib(input.obj)' or at 'C:\Users\-Majed\Documents\Visual Studio 2013\Projects\Enigma\Release\vc120.pdb'; linking object as if no debug info
     1>glfw3.lib(monitor.obj) : warning LNK4099: PDB 'vc120.pdb' was not found with 'glfw3.lib(monitor.obj)' or at 'C:\Users\-Majed\Documents\Visual Studio 2013\Projects\Enigma\Release\vc120.pdb'; linking object as if no debug info
     1>glfw3.lib(time.obj) : warning LNK4099: PDB 'vc120.pdb' was not found with 'glfw3.lib(time.obj)' or at 'C:\Users\-Majed\Documents\Visual Studio 2013\Projects\Enigma\Release\vc120.pdb'; linking object as if no debug info
     1>glfw3.lib(window.obj) : warning LNK4099: PDB 'vc120.pdb' was not found with 'glfw3.lib(window.obj)' or at 'C:\Users\-Majed\Documents\Visual Studio 2013\Projects\Enigma\Release\vc120.pdb'; linking object as if no debug info
     1>glfw3.lib(win32_gamma.obj) : warning LNK4099: PDB 'vc120.pdb' was not found with 'glfw3.lib(win32_gamma.obj)' or at 'C:\Users\-Majed\Documents\Visual Studio 2013\Projects\Enigma\Release\vc120.pdb'; linking object as if no debug info
     1>glfw3.lib(win32_init.obj) : warning LNK4099: PDB 'vc120.pdb' was not found with 'glfw3.lib(win32_init.obj)' or at 'C:\Users\-Majed\Documents\Visual Studio 2013\Projects\Enigma\Release\vc120.pdb'; linking object as if no debug info
     1>glfw3.lib(win32_joystick.obj) : warning LNK4099: PDB 'vc120.pdb' was not found with 'glfw3.lib(win32_joystick.obj)' or at 'C:\Users\-Majed\Documents\Visual Studio 2013\Projects\Enigma\Release\vc120.pdb'; linking object as if no debug info
     1>glfw3.lib(win32_monitor.obj) : warning LNK4099: PDB 'vc120.pdb' was not found with 'glfw3.lib(win32_monitor.obj)' or at 'C:\Users\-Majed\Documents\Visual Studio 2013\Projects\Enigma\Release\vc120.pdb'; linking object as if no debug info
     1>glfw3.lib(win32_time.obj) : warning LNK4099: PDB 'vc120.pdb' was not found with 'glfw3.lib(win32_time.obj)' or at 'C:\Users\-Majed\Documents\Visual Studio 2013\Projects\Enigma\Release\vc120.pdb'; linking object as if no debug info
     1>glfw3.lib(win32_window.obj) : warning LNK4099: PDB 'vc120.pdb' was not found with 'glfw3.lib(win32_window.obj)' or at 'C:\Users\-Majed\Documents\Visual Studio 2013\Projects\Enigma\Release\vc120.pdb'; linking object as if no debug info
     1>glfw3.lib(wgl_context.obj) : warning LNK4099: PDB 'vc120.pdb' was not found with 'glfw3.lib(wgl_context.obj)' or at 'C:\Users\-Majed\Documents\Visual Studio 2013\Projects\Enigma\Release\vc120.pdb'; linking object as if no debug info
     1>glew32s.lib(glew.obj) : warning LNK4099: PDB 'vc100.pdb' was not found with 'glew32s.lib(glew.obj)' or at 'C:\Users\-Majed\Documents\Visual Studio 2013\Projects\Enigma\Release\vc100.pdb'; linking object as if no debug info
         Enigma.vcxproj -> C:\Users\-Majed\Documents\Visual Studio 2013\Projects\Enigma\Release\Enigma.exe
     1>Done Building Project "C:\Users\-Majed\Documents\Visual Studio 2013\Projects\Enigma\Enigma\Enigma.vcxproj" (Build target(s)).

Build succeeded.

Time Elapsed 00:00:04.97
