Build started 19/03/2015 14:41:37.
     1>Project "C:\Users\-Majed\Documents\Visual Studio 2013\Projects\Enigma\Enigma\Enigma.vcxproj" on node 2 (Build target(s)).
     1>ClCompile:
         C:\Program Files (x86)\Microsoft Visual Studio 12.0\VC\bin\CL.exe /c /I"C:\Users\-Majed\Documents\Visual Studio 2013\Projects\Enigma\Enigma\..\include\glfw" /I"C:\Users\-Majed\Documents\Visual Studio 2013\Projects\Enigma\Enigma\..\include\glew" /ZI /nologo /W3 /WX- /sdl /Od /Oy- /D _MBCS /Gm /EHsc /RTC1 /MDd /GS /fp:precise /Zc:wchar_t /Zc:forScope /Fo"Debug\\" /Fd"Debug\vc120.pdb" /Gd /TP /analyze- /errorReport:prompt main.cpp object_ldr.cpp wrapper_glfw.cpp
         wrapper_glfw.cpp
     1>c:\users\-majed\documents\visual studio 2013\projects\enigma\enigma\wrapper_glfw.cpp(187): warning C4244: 'argument' : conversion from 'int' to 'float', possible loss of data
     1>c:\users\-majed\documents\visual studio 2013\projects\enigma\enigma\wrapper_glfw.cpp(224): warning C4244: 'argument' : conversion from 'int' to 'float', possible loss of data
     1>c:\users\-majed\documents\visual studio 2013\projects\enigma\enigma\wrapper_glfw.cpp(293): warning C4244: 'argument' : conversion from 'int' to 'float', possible loss of data
     1>c:\users\-majed\documents\visual studio 2013\projects\enigma\enigma\wrapper_glfw.cpp(378): warning C4244: 'argument' : conversion from 'int' to 'float', possible loss of data
     1>c:\users\-majed\documents\visual studio 2013\projects\enigma\enigma\wrapper_glfw.cpp(423): warning C4244: 'argument' : conversion from 'int' to 'float', possible loss of data
     1>c:\users\-majed\documents\visual studio 2013\projects\enigma\enigma\wrapper_glfw.cpp(726): warning C4101: 'e' : unreferenced local variable
         main.cpp
     1>c:\users\-majed\documents\visual studio 2013\projects\enigma\enigma\main.cpp(63): warning C4305: 'initializing' : truncation from 'double' to 'GLfloat'
     1>c:\users\-majed\documents\visual studio 2013\projects\enigma\enigma\main.cpp(68): warning C4244: 'initializing' : conversion from 'float' to 'GLuint', possible loss of data
     1>c:\users\-majed\documents\visual studio 2013\projects\enigma\enigma\main.cpp(619): warning C4018: '<' : signed/unsigned mismatch
     1>c:\users\-majed\documents\visual studio 2013\projects\enigma\enigma\main.cpp(910): warning C4018: '<' : signed/unsigned mismatch
     1>c:\users\-majed\documents\visual studio 2013\projects\enigma\enigma\main.cpp(916): warning C4018: '<' : signed/unsigned mismatch
     1>c:\users\-majed\documents\visual studio 2013\projects\enigma\enigma\main.cpp(922): warning C4018: '<' : signed/unsigned mismatch
     1>c:\users\-majed\documents\visual studio 2013\projects\enigma\enigma\main.cpp(928): warning C4018: '<' : signed/unsigned mismatch
     1>c:\users\-majed\documents\visual studio 2013\projects\enigma\enigma\main.cpp(934): warning C4018: '<' : signed/unsigned mismatch
     1>c:\users\-majed\documents\visual studio 2013\projects\enigma\enigma\main.cpp(940): warning C4018: '<' : signed/unsigned mismatch
     1>c:\users\-majed\documents\visual studio 2013\projects\enigma\enigma\main.cpp(1036): warning C4244: '=' : conversion from 'float' to 'GLuint', possible loss of data
     1>c:\users\-majed\documents\visual studio 2013\projects\enigma\enigma\main.cpp(1037): warning C4244: '=' : conversion from 'float' to 'GLuint', possible loss of data
     1>c:\users\-majed\documents\visual studio 2013\projects\enigma\enigma\main.cpp(1039): warning C4244: '=' : conversion from 'float' to 'GLuint', possible loss of data
     1>c:\users\-majed\documents\visual studio 2013\projects\enigma\enigma\main.cpp(1040): warning C4244: '=' : conversion from 'float' to 'GLuint', possible loss of data
     1>c:\users\-majed\documents\visual studio 2013\projects\enigma\enigma\main.cpp(1041): warning C4244: '=' : conversion from 'float' to 'GLuint', possible loss of data
     1>c:\users\-majed\documents\visual studio 2013\projects\enigma\enigma\main.cpp(1078): warning C4244: '=' : conversion from 'double' to 'GLfloat', possible loss of data
     1>c:\users\-majed\documents\visual studio 2013\projects\enigma\enigma\main.cpp(1079): warning C4244: '=' : conversion from 'double' to 'GLfloat', possible loss of data
     1>c:\users\-majed\documents\visual studio 2013\projects\enigma\enigma\main.cpp(1080): warning C4244: '=' : conversion from 'double' to 'GLfloat', possible loss of data
     1>c:\users\-majed\documents\visual studio 2013\projects\enigma\enigma\main.cpp(1081): warning C4244: '=' : conversion from 'double' to 'GLfloat', possible loss of data
     1>c:\users\-majed\documents\visual studio 2013\projects\enigma\enigma\main.cpp(1118): warning C4018: '<' : signed/unsigned mismatch
         GLM: perspective function taking degrees as a parameter is deprecated. #define GLM_FORCE_RADIANS before including GLM headers to remove this message.
         GLM: rotate function taking degrees as a parameter is deprecated. #define GLM_FORCE_RADIANS before including GLM headers to remove this message.
         Generating Code...
         Skipping... (no relevant changes detected)
         object_ldr.cpp
       Link:
         C:\Program Files (x86)\Microsoft Visual Studio 12.0\VC\bin\link.exe /ERRORREPORT:PROMPT /OUT:"C:\Users\-Majed\Documents\Visual Studio 2013\Projects\Enigma\Debug\Enigma.exe" /INCREMENTAL /NOLOGO /LIBPATH:"C:\Users\-Majed\Documents\Visual Studio 2013\Projects\Enigma\Enigma\..\lib\glfw" /LIBPATH:"C:\Users\-Majed\Documents\Visual Studio 2013\Projects\Enigma\Enigma\..\lib\glew" opengl32.lib imm32.lib glfw3.lib glew32s.lib kernel32.lib user32.lib gdi32.lib winspool.lib comdlg32.lib advapi32.lib shell32.lib ole32.lib oleaut32.lib uuid.lib odbc32.lib odbccp32.lib /MANIFEST /MANIFESTUAC:"level='asInvoker' uiAccess='false'" /manifest:embed /DEBUG /PDB:"C:\Users\-Majed\Documents\Visual Studio 2013\Projects\Enigma\Debug\Enigma.pdb" /TLBID:1 /DYNAMICBASE /NXCOMPAT /IMPLIB:"C:\Users\-Majed\Documents\Visual Studio 2013\Projects\Enigma\Debug\Enigma.lib" /MACHINE:X86 Debug\Enigma.res
         Debug\enigma.obj
         Debug\imgui.obj
         Debug\main.obj
         Debug\object_ldr.obj
         Debug\wrapper_glfw.obj
     1>LINK : warning LNK4098: defaultlib 'LIBCMT' conflicts with use of other libs; use /NODEFAULTLIB:library
     1>glfw3.lib(context.obj) : warning LNK4099: PDB 'vc120.pdb' was not found with 'glfw3.lib(context.obj)' or at 'C:\Users\-Majed\Documents\Visual Studio 2013\Projects\Enigma\Debug\vc120.pdb'; linking object as if no debug info
     1>glfw3.lib(gamma.obj) : warning LNK4099: PDB 'vc120.pdb' was not found with 'glfw3.lib(gamma.obj)' or at 'C:\Users\-Majed\Documents\Visual Studio 2013\Projects\Enigma\Debug\vc120.pdb'; linking object as if no debug info
     1>glfw3.lib(init.obj) : warning LNK4099: PDB 'vc120.pdb' was not found with 'glfw3.lib(init.obj)' or at 'C:\Users\-Majed\Documents\Visual Studio 2013\Projects\Enigma\Debug\vc120.pdb'; linking object as if no debug info
     1>glfw3.lib(input.obj) : warning LNK4099: PDB 'vc120.pdb' was not found with 'glfw3.lib(input.obj)' or at 'C:\Users\-Majed\Documents\Visual Studio 2013\Projects\Enigma\Debug\vc120.pdb'; linking object as if no debug info
     1>glfw3.lib(monitor.obj) : warning LNK4099: PDB 'vc120.pdb' was not found with 'glfw3.lib(monitor.obj)' or at 'C:\Users\-Majed\Documents\Visual Studio 2013\Projects\Enigma\Debug\vc120.pdb'; linking object as if no debug info
     1>glfw3.lib(time.obj) : warning LNK4099: PDB 'vc120.pdb' was not found with 'glfw3.lib(time.obj)' or at 'C:\Users\-Majed\Documents\Visual Studio 2013\Projects\Enigma\Debug\vc120.pdb'; linking object as if no debug info
     1>glfw3.lib(window.obj) : warning LNK4099: PDB 'vc120.pdb' was not found with 'glfw3.lib(window.obj)' or at 'C:\Users\-Majed\Documents\Visual Studio 2013\Projects\Enigma\Debug\vc120.pdb'; linking object as if no debug info
     1>glfw3.lib(win32_gamma.obj) : warning LNK4099: PDB 'vc120.pdb' was not found with 'glfw3.lib(win32_gamma.obj)' or at 'C:\Users\-Majed\Documents\Visual Studio 2013\Projects\Enigma\Debug\vc120.pdb'; linking object as if no debug info
     1>glfw3.lib(win32_init.obj) : warning LNK4099: PDB 'vc120.pdb' was not found with 'glfw3.lib(win32_init.obj)' or at 'C:\Users\-Majed\Documents\Visual Studio 2013\Projects\Enigma\Debug\vc120.pdb'; linking object as if no debug info
     1>glfw3.lib(win32_joystick.obj) : warning LNK4099: PDB 'vc120.pdb' was not found with 'glfw3.lib(win32_joystick.obj)' or at 'C:\Users\-Majed\Documents\Visual Studio 2013\Projects\Enigma\Debug\vc120.pdb'; linking object as if no debug info
     1>glfw3.lib(win32_monitor.obj) : warning LNK4099: PDB 'vc120.pdb' was not found with 'glfw3.lib(win32_monitor.obj)' or at 'C:\Users\-Majed\Documents\Visual Studio 2013\Projects\Enigma\Debug\vc120.pdb'; linking object as if no debug info
     1>glfw3.lib(win32_time.obj) : warning LNK4099: PDB 'vc120.pdb' was not found with 'glfw3.lib(win32_time.obj)' or at 'C:\Users\-Majed\Documents\Visual Studio 2013\Projects\Enigma\Debug\vc120.pdb'; linking object as if no debug info
     1>glfw3.lib(win32_window.obj) : warning LNK4099: PDB 'vc120.pdb' was not found with 'glfw3.lib(win32_window.obj)' or at 'C:\Users\-Majed\Documents\Visual Studio 2013\Projects\Enigma\Debug\vc120.pdb'; linking object as if no debug info
     1>glfw3.lib(wgl_context.obj) : warning LNK4099: PDB 'vc120.pdb' was not found with 'glfw3.lib(wgl_context.obj)' or at 'C:\Users\-Majed\Documents\Visual Studio 2013\Projects\Enigma\Debug\vc120.pdb'; linking object as if no debug info
     1>glew32s.lib(glew.obj) : warning LNK4099: PDB 'vc100.pdb' was not found with 'glew32s.lib(glew.obj)' or at 'C:\Users\-Majed\Documents\Visual Studio 2013\Projects\Enigma\Debug\vc100.pdb'; linking object as if no debug info
         Enigma.vcxproj -> C:\Users\-Majed\Documents\Visual Studio 2013\Projects\Enigma\Debug\Enigma.exe
     1>Done Building Project "C:\Users\-Majed\Documents\Visual Studio 2013\Projects\Enigma\Enigma\Enigma.vcxproj" (Build target(s)).

Build succeeded.

Time Elapsed 00:00:04.49
